0 verbose cli /usr/bin/node /usr/bin/npm
1 info using npm@10.2.0
2 info using node@v18.17.1
3 timing npm:load:whichnode Completed in 1ms
4 timing config:load:defaults Completed in 2ms
5 timing config:load:file:/usr/lib/node_modules/npm/npmrc Completed in 1ms
6 timing config:load:builtin Completed in 1ms
7 timing config:load:cli Completed in 3ms
8 timing config:load:env Completed in 0ms
9 timing config:load:project Completed in 4ms
10 timing config:load:file:/home/server/pufferpanel/servers/40f229ff/.npmrc Completed in 0ms
11 timing config:load:user Completed in 0ms
12 timing config:load:file:/usr/etc/npmrc Completed in 0ms
13 timing config:load:global Completed in 0ms
14 timing config:load:setEnvs Completed in 0ms
15 timing config:load Completed in 12ms
16 timing npm:load:configload Completed in 12ms
17 timing config:load:flatten Completed in 3ms
18 timing npm:load:mkdirpcache Completed in 1ms
19 timing npm:load:mkdirplogs Completed in 0ms
20 verbose title npm install discord.js@13
21 verbose argv "install" "discord.js@13"
22 timing npm:load:setTitle Completed in 1ms
23 timing npm:load:display Completed in 1ms
24 verbose logfile logs-max:10 dir:/home/server/pufferpanel/servers/40f229ff/.npm/_logs/2023-10-19T01_08_52_724Z-
25 verbose logfile /home/server/pufferpanel/servers/40f229ff/.npm/_logs/2023-10-19T01_08_52_724Z-debug-0.log
26 timing npm:load:logFile Completed in 11ms
27 timing npm:load:timers Completed in 0ms
28 timing npm:load:configScope Completed in 0ms
29 timing npm:load Completed in 47ms
30 timing arborist:ctor Completed in 1ms
31 silly logfile done cleaning log files
32 timing idealTree:init Completed in 36ms
33 timing idealTree:userRequests Completed in 2ms
34 silly idealTree buildDeps
35 silly fetch manifest discord.js@13
36 timing arborist:ctor Completed in 0ms
37 http fetch GET 200 https://registry.npmjs.org/discord.js 256ms (cache miss)
38 silly placeDep ROOT discord.js@13.16.0 REPLACE for:  want: 13
39 timing idealTree:#root Completed in 317ms
40 timing idealTree:node_modules/discord.js Completed in 0ms
41 timing idealTree:buildDeps Completed in 318ms
42 timing idealTree:fixDepFlags Completed in 0ms
43 timing idealTree Completed in 358ms
44 timing reify:loadTrees Completed in 359ms
45 timing reify:diffTrees Completed in 2ms
46 silly reify moves {}
47 timing reify:retireShallow Completed in 1ms
48 timing reify:createSparse Completed in 0ms
49 timing reify:loadBundles Completed in 0ms
50 silly audit bulk request {
50 silly audit   '@discordjs/builders': [ '0.16.0' ],
50 silly audit   'discord-api-types': [ '0.36.3', '0.33.5' ],
50 silly audit   '@discordjs/collection': [ '0.7.0' ],
50 silly audit   '@sapphire/async-queue': [ '1.5.0' ],
50 silly audit   '@sapphire/shapeshift': [ '3.9.3' ],
50 silly audit   '@types/node': [ '20.8.7' ],
50 silly audit   '@types/node-fetch': [ '2.6.7' ],
50 silly audit   '@types/ws': [ '8.5.8' ],
50 silly audit   asynckit: [ '0.4.0' ],
50 silly audit   'combined-stream': [ '1.0.8' ],
50 silly audit   'delayed-stream': [ '1.0.0' ],
50 silly audit   'fast-deep-equal': [ '3.1.3' ],
50 silly audit   'form-data': [ '4.0.0' ],
50 silly audit   lodash: [ '4.17.21' ],
50 silly audit   'mime-db': [ '1.52.0' ],
50 silly audit   'mime-types': [ '2.1.35' ],
50 silly audit   'node-fetch': [ '2.7.0' ],
50 silly audit   nodejs: [ '0.0.0' ],
50 silly audit   tr46: [ '0.0.3' ],
50 silly audit   'ts-mixer': [ '6.0.3' ],
50 silly audit   tslib: [ '2.6.2' ],
50 silly audit   'undici-types': [ '5.25.3' ],
50 silly audit   'webidl-conversions': [ '3.0.1' ],
50 silly audit   'whatwg-url': [ '5.0.0' ],
50 silly audit   ws: [ '8.14.2' ],
50 silly audit   'discord.js': [ '13.16.0' ]
50 silly audit }
51 timing reify:unpack Completed in 0ms
52 timing reify:unretire Completed in 0ms
53 timing build:queue Completed in 0ms
54 timing build:deps Completed in 0ms
55 timing build Completed in 1ms
56 timing reify:build Completed in 2ms
57 timing reify:trash Completed in 0ms
58 timing reify:save Completed in 19ms
59 http fetch POST 200 https://registry.npmjs.org/-/npm/v1/security/advisories/bulk 85ms
60 timing auditReport:getReport Completed in 91ms
61 silly audit report {}
62 timing auditReport:init Completed in 0ms
63 timing reify:audit Completed in 92ms
64 timing reify Completed in 463ms
65 timing command:install Completed in 472ms
66 verbose exit 0
67 timing npm Completed in 698ms
68 info ok
