0 verbose cli /usr/bin/node /usr/bin/npm
1 info using npm@10.2.0
2 info using node@v18.17.1
3 timing npm:load:whichnode Completed in 2ms
4 timing config:load:defaults Completed in 2ms
5 timing config:load:file:/usr/lib/node_modules/npm/npmrc Completed in 1ms
6 timing config:load:builtin Completed in 1ms
7 timing config:load:cli Completed in 3ms
8 timing config:load:env Completed in 0ms
9 timing config:load:project Completed in 3ms
10 timing config:load:file:/home/server/pufferpanel/servers/40f229ff/.npmrc Completed in 0ms
11 timing config:load:user Completed in 0ms
12 timing config:load:file:/usr/etc/npmrc Completed in 0ms
13 timing config:load:global Completed in 0ms
14 timing config:load:setEnvs Completed in 1ms
15 timing config:load Completed in 11ms
16 timing npm:load:configload Completed in 11ms
17 timing config:load:flatten Completed in 4ms
18 timing npm:load:mkdirpcache Completed in 0ms
19 timing npm:load:mkdirplogs Completed in 1ms
20 verbose title npm install nodejs@latest
21 verbose argv "install" "nodejs@latest"
22 timing npm:load:setTitle Completed in 1ms
23 timing npm:load:display Completed in 0ms
24 verbose logfile logs-max:10 dir:/home/server/pufferpanel/servers/40f229ff/.npm/_logs/2023-10-19T01_08_51_879Z-
25 verbose logfile /home/server/pufferpanel/servers/40f229ff/.npm/_logs/2023-10-19T01_08_51_879Z-debug-0.log
26 timing npm:load:logFile Completed in 12ms
27 timing npm:load:timers Completed in 0ms
28 timing npm:load:configScope Completed in 0ms
29 timing npm:load Completed in 47ms
30 timing arborist:ctor Completed in 1ms
31 silly logfile done cleaning log files
32 timing idealTree:init Completed in 32ms
33 timing arborist:ctor Completed in 1ms
34 http fetch GET 200 https://registry.npmjs.org/nodejs 152ms (cache miss)
35 timing idealTree:userRequests Completed in 156ms
36 silly idealTree buildDeps
37 silly fetch manifest nodejs@0.0.0
38 silly placeDep ROOT nodejs@0.0.0 REPLACE for:  want: 0.0.0
39 timing idealTree:#root Completed in 7ms
40 timing idealTree:node_modules/nodejs Completed in 0ms
41 timing idealTree:buildDeps Completed in 9ms
42 timing idealTree:fixDepFlags Completed in 1ms
43 timing idealTree Completed in 202ms
44 timing reify:loadTrees Completed in 203ms
45 timing reify:diffTrees Completed in 3ms
46 silly reify moves {}
47 timing reify:retireShallow Completed in 1ms
48 timing reify:createSparse Completed in 0ms
49 timing reify:loadBundles Completed in 0ms
50 silly audit bulk request {
50 silly audit   '@discordjs/builders': [ '0.16.0' ],
50 silly audit   'discord-api-types': [ '0.36.3', '0.33.5' ],
50 silly audit   '@discordjs/collection': [ '0.7.0' ],
50 silly audit   '@sapphire/async-queue': [ '1.5.0' ],
50 silly audit   '@sapphire/shapeshift': [ '3.9.3' ],
50 silly audit   '@types/node': [ '20.8.7' ],
50 silly audit   '@types/node-fetch': [ '2.6.7' ],
50 silly audit   '@types/ws': [ '8.5.8' ],
50 silly audit   asynckit: [ '0.4.0' ],
50 silly audit   'combined-stream': [ '1.0.8' ],
50 silly audit   'delayed-stream': [ '1.0.0' ],
50 silly audit   'discord.js': [ '13.16.0' ],
50 silly audit   'fast-deep-equal': [ '3.1.3' ],
50 silly audit   'form-data': [ '4.0.0' ],
50 silly audit   lodash: [ '4.17.21' ],
50 silly audit   'mime-db': [ '1.52.0' ],
50 silly audit   'mime-types': [ '2.1.35' ],
50 silly audit   'node-fetch': [ '2.7.0' ],
50 silly audit   tr46: [ '0.0.3' ],
50 silly audit   'ts-mixer': [ '6.0.3' ],
50 silly audit   tslib: [ '2.6.2' ],
50 silly audit   'undici-types': [ '5.25.3' ],
50 silly audit   'webidl-conversions': [ '3.0.1' ],
50 silly audit   'whatwg-url': [ '5.0.0' ],
50 silly audit   ws: [ '8.14.2' ],
50 silly audit   nodejs: [ '0.0.0' ]
50 silly audit }
51 timing reify:unpack Completed in 0ms
52 timing reify:unretire Completed in 0ms
53 timing build:queue Completed in 0ms
54 timing build:deps Completed in 1ms
55 timing build Completed in 1ms
56 timing reify:build Completed in 1ms
57 timing reify:trash Completed in 0ms
58 timing reify:save Completed in 18ms
59 http fetch GET 200 https://registry.npmjs.org/npm 330ms (cache miss)
60 http fetch POST 200 https://registry.npmjs.org/-/npm/v1/security/advisories/bulk 93ms
61 timing auditReport:getReport Completed in 98ms
62 silly audit report {}
63 timing auditReport:init Completed in 0ms
64 timing reify:audit Completed in 99ms
65 timing reify Completed in 377ms
66 timing command:install Completed in 384ms
67 notice
67 notice New [32mpatch[39m version of npm available! [31m10.2.0[39m -> [32m10.2.1[39m
67 notice Changelog: [36mhttps://github.com/npm/cli/releases/tag/v10.2.1[39m
67 notice Run [32mnpm install -g npm@10.2.1[39m to update!
67 notice
68 verbose exit 0
69 timing npm Completed in 609ms
70 info ok
